<?xml version="1.0" encoding="UTF-8"?>
<!-- Generated by org.testng.reporters.JUnitXMLReporter -->
<testsuite hostname="LAPTOP-SO1S0EM0" ignored="0" name="Test in Chrome#2" tests="2" failures="0" timestamp="01 Apr 2017 12:57:58 GMT" time="30.063" errors="0">
  <testcase name="AddProductTest" time="22.981" classname="sergey_potapov.test_automation.task4.MyTest"/>
  <testcase name="toPrinter" time="0.004" classname="sergey_potapov.test_automation.task4.MyTest"/>
</testsuite> <!-- Test in Chrome#2 -->
