<?xml version="1.0" encoding="UTF-8"?>
<testsuite name="WorkWithRubricatorTest"
           tests="5"
           failures="0"
           errors="0"
           skipped="0"
           time="28.802">
  <properties />
  
  
            <testcase name="deleteNewRubricTest" time="0.576" classname="fpspm137_WorkWithRubricatorTestSuit.WorkWithRubricatorTest" />
                <testcase name="newRubricWasSuccessfullyDeletedTest" time="0.573" classname="fpspm137_WorkWithRubricatorTestSuit.WorkWithRubricatorTest" />
                <testcase name="createNewThemeRubricTest" time="5.031" classname="fpspm137_WorkWithRubricatorTestSuit.WorkWithRubricatorTest" />
                <testcase name="authorizationOperatorContentTest" time="22.148" classname="fpspm137_WorkWithRubricatorTestSuit.WorkWithRubricatorTest" />
                <testcase name="changeRubricTest" time="0.474" classname="fpspm137_WorkWithRubricatorTestSuit.WorkWithRubricatorTest" />
      
</testsuite>
